# JRE version: Java(TM) SE Runtime Environment (8.0_131-b11) (build 1.8.0_131-b11)
# Java VM: Java HotSpot(TM) 64-Bit Server VM (25.131-b11 mixed mode windows-amd64 compressed oops)
Heap:
 PSYoungGen      total 622592K, used 361287K [0x00000000d5f00000, 0x00000000fd080000, 0x0000000100000000)
  eden space 604672K, 59% used [0x00000000d5f00000,0x00000000ebfd1c08,0x00000000fad80000)
  from space 17920K, 0% used [0x00000000fad80000,0x00000000fad80000,0x00000000fbf00000)
  to   space 17920K, 0% used [0x00000000fbf00000,0x00000000fbf00000,0x00000000fd080000)
 ParOldGen       total 119808K, used 46902K [0x0000000081c00000, 0x0000000089100000, 0x00000000d5f00000)
  object space 119808K, 39% used [0x0000000081c00000,0x00000000849cdb10,0x0000000089100000)
 Metaspace       used 64212K, capacity 67620K, committed 67840K, reserved 1107968K
  class space    used 8511K, capacity 9124K, committed 9216K, reserved 1048576K
GC Heap History (10 events):
Event: 17309.059 GC heap before
{Heap before GC invocations=20 (full 5):
 PSYoungGen      total 614400K, used 9704K [0x00000000d5f00000, 0x00000000fd180000, 0x0000000100000000)
  eden space 604672K, 0% used [0x00000000d5f00000,0x00000000d5f00000,0x00000000fad80000)
  from space 9728K, 99% used [0x00000000fad80000,0x00000000fb6fa330,0x00000000fb700000)
  to   space 18432K, 0% used [0x00000000fbf80000,0x00000000fbf80000,0x00000000fd180000)
 ParOldGen       total 119808K, used 36265K [0x0000000081c00000, 0x0000000089100000, 0x00000000d5f00000)
  object space 119808K, 30% used [0x0000000081c00000,0x0000000083f6a448,0x0000000089100000)
 Metaspace       used 62708K, capacity 65582K, committed 66176K, reserved 1105920K
  class space    used 8389K, capacity 8898K, committed 9088K, reserved 1048576K
Event: 17309.832 GC heap after
Heap after GC invocations=20 (full 5):
 PSYoungGen      total 614400K, used 0K [0x00000000d5f00000, 0x00000000fd180000, 0x0000000100000000)
  eden space 604672K, 0% used [0x00000000d5f00000,0x00000000d5f00000,0x00000000fad80000)
  from space 9728K, 0% used [0x00000000fad80000,0x00000000fad80000,0x00000000fb700000)
  to   space 18432K, 0% used [0x00000000fbf80000,0x00000000fbf80000,0x00000000fd180000)
 ParOldGen       total 119808K, used 41254K [0x0000000081c00000, 0x0000000089100000, 0x00000000d5f00000)
  object space 119808K, 34% used [0x0000000081c00000,0x0000000084449840,0x0000000089100000)
 Metaspace       used 62708K, capacity 65582K, committed 66176K, reserved 1105920K
  class space    used 8389K, capacity 8898K, committed 9088K, reserved 1048576K
}
Event: 17336.102 GC heap before
{Heap before GC invocations=21 (full 5):
 PSYoungGen      total 614400K, used 309708K [0x00000000d5f00000, 0x00000000fd180000, 0x0000000100000000)
  eden space 604672K, 51% used [0x00000000d5f00000,0x00000000e8d733c0,0x00000000fad80000)
  from space 9728K, 0% used [0x00000000fad80000,0x00000000fad80000,0x00000000fb700000)
  to   space 18432K, 0% used [0x00000000fbf80000,0x00000000fbf80000,0x00000000fd180000)
 ParOldGen       total 119808K, used 41254K [0x0000000081c00000, 0x0000000089100000, 0x00000000d5f00000)
  object space 119808K, 34% used [0x0000000081c00000,0x0000000084449840,0x0000000089100000)
 Metaspace       used 63206K, capacity 66182K, committed 66688K, reserved 1107968K
  class space    used 8425K, capacity 8964K, committed 9088K, reserved 1048576K
Event: 17336.120 GC heap after
Heap after GC invocations=21 (full 5):
 PSYoungGen      total 622080K, used 5736K [0x00000000d5f00000, 0x00000000fd080000, 0x0000000100000000)
  eden space 604672K, 0% used [0x00000000d5f00000,0x00000000d5f00000,0x00000000fad80000)
  from space 17408K, 32% used [0x00000000fbf80000,0x00000000fc51a330,0x00000000fd080000)
  to   space 17920K, 0% used [0x00000000fad80000,0x00000000fad80000,0x00000000fbf00000)
 ParOldGen       total 119808K, used 41262K [0x0000000081c00000, 0x0000000089100000, 0x00000000d5f00000)
  object space 119808K, 34% used [0x0000000081c00000,0x000000008444b840,0x0000000089100000)
 Metaspace       used 63206K, capacity 66182K, committed 66688K, reserved 1107968K
  class space    used 8425K, capacity 8964K, committed 9088K, reserved 1048576K
}
Event: 17336.121 GC heap before
{Heap before GC invocations=22 (full 6):
 PSYoungGen      total 622080K, used 5736K [0x00000000d5f00000, 0x00000000fd080000, 0x0000000100000000)
  eden space 604672K, 0% used [0x00000000d5f00000,0x00000000d5f00000,0x00000000fad80000)
  from space 17408K, 32% used [0x00000000fbf80000,0x00000000fc51a330,0x00000000fd080000)
  to   space 17920K, 0% used [0x00000000fad80000,0x00000000fad80000,0x00000000fbf00000)
 ParOldGen       total 119808K, used 41262K [0x0000000081c00000, 0x0000000089100000, 0x00000000d5f00000)
  object space 119808K, 34% used [0x0000000081c00000,0x000000008444b840,0x0000000089100000)
 Metaspace       used 63206K, capacity 66182K, committed 66688K, reserved 1107968K
  class space    used 8425K, capacity 8964K, committed 9088K, reserved 1048576K
Event: 17336.577 GC heap after
Heap after GC invocations=22 (full 6):
 PSYoungGen      total 622080K, used 0K [0x00000000d5f00000, 0x00000000fd080000, 0x0000000100000000)
  eden space 604672K, 0% used [0x00000000d5f00000,0x00000000d5f00000,0x00000000fad80000)
  from space 17408K, 0% used [0x00000000fbf80000,0x00000000fbf80000,0x00000000fd080000)
  to   space 17920K, 0% used [0x00000000fad80000,0x00000000fad80000,0x00000000fbf00000)
 ParOldGen       total 119808K, used 43946K [0x0000000081c00000, 0x0000000089100000, 0x00000000d5f00000)
  object space 119808K, 36% used [0x0000000081c00000,0x00000000846ea8d8,0x0000000089100000)
 Metaspace       used 63206K, capacity 66182K, committed 66688K, reserved 1107968K
  class space    used 8425K, capacity 8964K, committed 9088K, reserved 1048576K
}
Event: 17427.873 GC heap before
{Heap before GC invocations=23 (full 6):
 PSYoungGen      total 622080K, used 316006K [0x00000000d5f00000, 0x00000000fd080000, 0x0000000100000000)
  eden space 604672K, 52% used [0x00000000d5f00000,0x00000000e9399b58,0x00000000fad80000)
  from space 17408K, 0% used [0x00000000fbf80000,0x00000000fbf80000,0x00000000fd080000)
  to   space 17920K, 0% used [0x00000000fad80000,0x00000000fad80000,0x00000000fbf00000)
 ParOldGen       total 119808K, used 43946K [0x0000000081c00000, 0x0000000089100000, 0x00000000d5f00000)
  object space 119808K, 36% used [0x0000000081c00000,0x00000000846ea8d8,0x0000000089100000)
 Metaspace       used 63674K, capacity 66812K, committed 66944K, reserved 1107968K
  class space    used 8462K, capacity 9035K, committed 9088K, reserved 1048576K
Event: 17427.887 GC heap after
Heap after GC invocations=23 (full 6):
 PSYoungGen      total 622592K, used 5832K [0x00000000d5f00000, 0x00000000fd080000, 0x0000000100000000)
  eden space 604672K, 0% used [0x00000000d5f00000,0x00000000d5f00000,0x00000000fad80000)
  from space 17920K, 32% used [0x00000000fad80000,0x00000000fb332330,0x00000000fbf00000)
  to   space 17920K, 0% used [0x00000000fbf00000,0x00000000fbf00000,0x00000000fd080000)
 ParOldGen       total 119808K, used 43954K [0x0000000081c00000, 0x0000000089100000, 0x00000000d5f00000)
  object space 119808K, 36% used [0x0000000081c00000,0x00000000846ec8d8,0x0000000089100000)
 Metaspace       used 63674K, capacity 66812K, committed 66944K, reserved 1107968K
  class space    used 8462K, capacity 9035K, committed 9088K, reserved 1048576K
}
Event: 17427.887 GC heap before
{Heap before GC invocations=24 (full 7):
 PSYoungGen      total 622592K, used 5832K [0x00000000d5f00000, 0x00000000fd080000, 0x0000000100000000)
  eden space 604672K, 0% used [0x00000000d5f00000,0x00000000d5f00000,0x00000000fad80000)
  from space 17920K, 32% used [0x00000000fad80000,0x00000000fb332330,0x00000000fbf00000)
  to   space 17920K, 0% used [0x00000000fbf00000,0x00000000fbf00000,0x00000000fd080000)
 ParOldGen       total 119808K, used 43954K [0x0000000081c00000, 0x0000000089100000, 0x00000000d5f00000)
  object space 119808K, 36% used [0x0000000081c00000,0x00000000846ec8d8,0x0000000089100000)
 Metaspace       used 63674K, capacity 66812K, committed 66944K, reserved 1107968K
  class space    used 8462K, capacity 9035K, committed 9088K, reserved 1048576K
Event: 17428.513 GC heap after
Heap after GC invocations=24 (full 7):
 PSYoungGen      total 622592K, used 0K [0x00000000d5f00000, 0x00000000fd080000, 0x0000000100000000)
  eden space 604672K, 0% used [0x00000000d5f00000,0x00000000d5f00000,0x00000000fad80000)
  from space 17920K, 0% used [0x00000000fad80000,0x00000000fad80000,0x00000000fbf00000)
  to   space 17920K, 0% used [0x00000000fbf00000,0x00000000fbf00000,0x00000000fd080000)
 ParOldGen       total 119808K, used 46902K [0x0000000081c00000, 0x0000000089100000, 0x00000000d5f00000)
  object space 119808K, 39% used [0x0000000081c00000,0x00000000849cdb10,0x0000000089100000)
 Metaspace       used 63674K, capacity 66812K, committed 66944K, reserved 1107968K
  class space    used 8462K, capacity 9035K, committed 9088K, reserved 1048576K
}

